{"C:\\Users\\jesus\\proyectos node react angular\\React-Cero-experto-2-Fernando-Herrera\\03-gifts-app\\src\\GiftsApp.tsx": {"path":"C:\\Users\\jesus\\proyectos node react angular\\React-Cero-experto-2-Fernando-Herrera\\03-gifts-app\\src\\GiftsApp.tsx","statementMap":{"0":{"start":{"line":9,"column":24},"end":{"line":24,"column":null}},"1":{"start":{"line":11,"column":64},"end":{"line":11,"column":null}},"2":{"start":{"line":13,"column":2},"end":{"line":21,"column":null}}},"fnMap":{"0":{"name":"(anonymous_0)","decl":{"start":{"line":9,"column":24},"end":{"line":9,"column":null}},"loc":{"start":{"line":9,"column":24},"end":{"line":24,"column":null}},"line":9}},"branchMap":{},"s":{"0":1,"1":1,"2":1},"f":{"0":1},"b":{},"meta":{"lastBranch":0,"lastFunction":1,"lastStatement":3,"seen":{"s:9:24:24:Infinity":0,"f:9:24:9:Infinity":0,"s:11:64:11:Infinity":1,"s:13:2:21:Infinity":2}}}
,"C:\\Users\\jesus\\proyectos node react angular\\React-Cero-experto-2-Fernando-Herrera\\03-gifts-app\\src\\counter\\components\\MyCounterApp.tsx": {"path":"C:\\Users\\jesus\\proyectos node react angular\\React-Cero-experto-2-Fernando-Herrera\\03-gifts-app\\src\\counter\\components\\MyCounterApp.tsx","statementMap":{"0":{"start":{"line":4,"column":28},"end":{"line":21,"column":null}},"1":{"start":{"line":7,"column":55},"end":{"line":7,"column":null}},"2":{"start":{"line":8,"column":2},"end":{"line":15,"column":null}}},"fnMap":{"0":{"name":"(anonymous_0)","decl":{"start":{"line":4,"column":28},"end":{"line":4,"column":null}},"loc":{"start":{"line":4,"column":28},"end":{"line":21,"column":null}},"line":4}},"branchMap":{},"s":{"0":2,"1":7,"2":7},"f":{"0":7},"b":{},"meta":{"lastBranch":0,"lastFunction":1,"lastStatement":3,"seen":{"s:4:28:21:Infinity":0,"f:4:28:4:Infinity":0,"s:7:55:7:Infinity":1,"s:8:2:15:Infinity":2}}}
,"C:\\Users\\jesus\\proyectos node react angular\\React-Cero-experto-2-Fernando-Herrera\\03-gifts-app\\src\\counter\\hooks\\useCounter.tsx": {"path":"C:\\Users\\jesus\\proyectos node react angular\\React-Cero-experto-2-Fernando-Herrera\\03-gifts-app\\src\\counter\\hooks\\useCounter.tsx","statementMap":{"0":{"start":{"line":5,"column":26},"end":{"line":33,"column":null}},"1":{"start":{"line":9,"column":31},"end":{"line":9,"column":null}},"2":{"start":{"line":11,"column":20},"end":{"line":13,"column":null}},"3":{"start":{"line":12,"column":8},"end":{"line":12,"column":null}},"4":{"start":{"line":15,"column":26},"end":{"line":17,"column":null}},"5":{"start":{"line":16,"column":8},"end":{"line":16,"column":null}},"6":{"start":{"line":19,"column":22},"end":{"line":21,"column":null}},"7":{"start":{"line":20,"column":8},"end":{"line":20,"column":null}},"8":{"start":{"line":24,"column":2},"end":{"line":32,"column":null}}},"fnMap":{"0":{"name":"(anonymous_0)","decl":{"start":{"line":5,"column":26},"end":{"line":5,"column":27}},"loc":{"start":{"line":5,"column":50},"end":{"line":33,"column":null}},"line":5},"1":{"name":"(anonymous_1)","decl":{"start":{"line":11,"column":20},"end":{"line":11,"column":null}},"loc":{"start":{"line":11,"column":20},"end":{"line":13,"column":null}},"line":11},"2":{"name":"(anonymous_2)","decl":{"start":{"line":15,"column":26},"end":{"line":15,"column":null}},"loc":{"start":{"line":15,"column":26},"end":{"line":17,"column":null}},"line":15},"3":{"name":"(anonymous_3)","decl":{"start":{"line":19,"column":22},"end":{"line":19,"column":null}},"loc":{"start":{"line":19,"column":22},"end":{"line":21,"column":null}},"line":19}},"branchMap":{"0":{"loc":{"start":{"line":5,"column":27},"end":{"line":5,"column":50}},"type":"default-arg","locations":[{"start":{"line":5,"column":48},"end":{"line":5,"column":50}}],"line":5}},"s":{"0":2,"1":16,"2":16,"3":2,"4":16,"5":5,"6":16,"7":1,"8":16},"f":{"0":16,"1":2,"2":5,"3":1},"b":{"0":[16]},"meta":{"lastBranch":1,"lastFunction":4,"lastStatement":9,"seen":{"s:5:26:33:Infinity":0,"f:5:26:5:27":0,"b:5:48:5:50":0,"s:9:31:9:Infinity":1,"s:11:20:13:Infinity":2,"f:11:20:11:Infinity":1,"s:12:8:12:Infinity":3,"s:15:26:17:Infinity":4,"f:15:26:15:Infinity":2,"s:16:8:16:Infinity":5,"s:19:22:21:Infinity":6,"f:19:22:19:Infinity":3,"s:20:8:20:Infinity":7,"s:24:2:32:Infinity":8}}}
,"C:\\Users\\jesus\\proyectos node react angular\\React-Cero-experto-2-Fernando-Herrera\\03-gifts-app\\src\\gifs\\actions\\get-gifs-by-query.ts": {"path":"C:\\Users\\jesus\\proyectos node react angular\\React-Cero-experto-2-Fernando-Herrera\\03-gifts-app\\src\\gifs\\actions\\get-gifs-by-query.ts","statementMap":{"0":{"start":{"line":6,"column":30},"end":{"line":36,"column":null}},"1":{"start":{"line":8,"column":4},"end":{"line":8,"column":null}},"2":{"start":{"line":8,"column":27},"end":{"line":8,"column":null}},"3":{"start":{"line":10,"column":4},"end":{"line":35,"column":null}},"4":{"start":{"line":11,"column":26},"end":{"line":22,"column":null}},"5":{"start":{"line":25,"column":8},"end":{"line":31,"column":null}},"6":{"start":{"line":25,"column":48},"end":{"line":31,"column":null}},"7":{"start":{"line":33,"column":8},"end":{"line":33,"column":null}},"8":{"start":{"line":34,"column":8},"end":{"line":34,"column":null}}},"fnMap":{"0":{"name":"(anonymous_0)","decl":{"start":{"line":6,"column":30},"end":{"line":6,"column":37}},"loc":{"start":{"line":6,"column":37},"end":{"line":36,"column":null}},"line":6},"1":{"name":"(anonymous_1)","decl":{"start":{"line":25,"column":38},"end":{"line":25,"column":39}},"loc":{"start":{"line":25,"column":48},"end":{"line":31,"column":null}},"line":25}},"branchMap":{"0":{"loc":{"start":{"line":8,"column":4},"end":{"line":8,"column":null}},"type":"if","locations":[{"start":{"line":8,"column":4},"end":{"line":8,"column":null}},{"start":{},"end":{}}],"line":8}},"s":{"0":3,"1":6,"2":1,"3":5,"4":5,"5":4,"6":100,"7":1,"8":1},"f":{"0":6,"1":100},"b":{"0":[1,5]},"meta":{"lastBranch":1,"lastFunction":2,"lastStatement":9,"seen":{"s:6:30:36:Infinity":0,"f:6:30:6:37":0,"b:8:4:8:Infinity:undefined:undefined:undefined:undefined":0,"s:8:4:8:Infinity":1,"s:8:27:8:Infinity":2,"s:10:4:35:Infinity":3,"s:11:26:22:Infinity":4,"s:25:8:31:Infinity":5,"f:25:38:25:39":1,"s:25:48:31:Infinity":6,"s:33:8:33:Infinity":7,"s:34:8:34:Infinity":8}}}
,"C:\\Users\\jesus\\proyectos node react angular\\React-Cero-experto-2-Fernando-Herrera\\03-gifts-app\\src\\gifs\\actions\\giphy.api.ts": {"path":"C:\\Users\\jesus\\proyectos node react angular\\React-Cero-experto-2-Fernando-Herrera\\03-gifts-app\\src\\gifs\\actions\\giphy.api.ts","statementMap":{"0":{"start":{"line":4,"column":24},"end":{"line":10,"column":null}}},"fnMap":{},"branchMap":{},"s":{"0":4},"f":{},"b":{},"meta":{"lastBranch":0,"lastFunction":0,"lastStatement":1,"seen":{"s:4:24:10:Infinity":0}}}
,"C:\\Users\\jesus\\proyectos node react angular\\React-Cero-experto-2-Fernando-Herrera\\03-gifts-app\\src\\gifs\\components\\PreviousSearches.tsx": {"path":"C:\\Users\\jesus\\proyectos node react angular\\React-Cero-experto-2-Fernando-Herrera\\03-gifts-app\\src\\gifs\\components\\PreviousSearches.tsx","statementMap":{"0":{"start":{"line":10,"column":32},"end":{"line":28,"column":null}},"1":{"start":{"line":11,"column":0},"end":{"line":11,"column":null}},"2":{"start":{"line":14,"column":2},"end":{"line":22,"column":null}},"3":{"start":{"line":21,"column":18},"end":{"line":21,"column":42}},"4":{"start":{"line":21,"column":57},"end":{"line":21,"column":89}}},"fnMap":{"0":{"name":"(anonymous_0)","decl":{"start":{"line":10,"column":32},"end":{"line":10,"column":33}},"loc":{"start":{"line":10,"column":79},"end":{"line":28,"column":null}},"line":10},"1":{"name":"(anonymous_1)","decl":{"start":{"line":20,"column":28},"end":{"line":20,"column":29}},"loc":{"start":{"line":20,"column":29},"end":{"line":22,"column":null}},"line":20},"2":{"name":"(anonymous_2)","decl":{"start":{"line":21,"column":51},"end":{"line":21,"column":57}},"loc":{"start":{"line":21,"column":57},"end":{"line":21,"column":89}},"line":21}},"branchMap":{"0":{"loc":{"start":{"line":18,"column":15},"end":{"line":18,"column":null}},"type":"binary-expr","locations":[{"start":{"line":18,"column":15},"end":{"line":18,"column":40}},{"start":{"line":18,"column":35},"end":{"line":18,"column":null}}],"line":18}},"s":{"0":1,"1":1,"2":1,"3":0,"4":0},"f":{"0":1,"1":0,"2":0},"b":{"0":[1,1]},"meta":{"lastBranch":1,"lastFunction":3,"lastStatement":5,"seen":{"s:10:32:28:Infinity":0,"f:10:32:10:33":0,"s:11:0:11:Infinity":1,"s:14:2:22:Infinity":2,"b:18:15:18:40:18:35:18:Infinity":0,"f:20:28:20:29":1,"s:21:18:21:42":3,"f:21:51:21:57":2,"s:21:57:21:89":4}}}
,"C:\\Users\\jesus\\proyectos node react angular\\React-Cero-experto-2-Fernando-Herrera\\03-gifts-app\\src\\gifs\\hooks\\useGifs.tsx": {"path":"C:\\Users\\jesus\\proyectos node react angular\\React-Cero-experto-2-Fernando-Herrera\\03-gifts-app\\src\\gifs\\hooks\\useGifs.tsx","statementMap":{"0":{"start":{"line":6,"column":23},"end":{"line":45,"column":null}},"1":{"start":{"line":8,"column":45},"end":{"line":8,"column":null}},"2":{"start":{"line":9,"column":37},"end":{"line":9,"column":null}},"3":{"start":{"line":10,"column":10},"end":{"line":10,"column":null}},"4":{"start":{"line":12,"column":25},"end":{"line":23,"column":null}},"5":{"start":{"line":14,"column":6},"end":{"line":17,"column":null}},"6":{"start":{"line":15,"column":8},"end":{"line":15,"column":null}},"7":{"start":{"line":16,"column":8},"end":{"line":16,"column":null}},"8":{"start":{"line":18,"column":18},"end":{"line":18,"column":null}},"9":{"start":{"line":20,"column":6},"end":{"line":20,"column":null}},"10":{"start":{"line":21,"column":6},"end":{"line":21,"column":null}},"11":{"start":{"line":25,"column":24},"end":{"line":38,"column":null}},"12":{"start":{"line":26,"column":36},"end":{"line":26,"column":null}},"13":{"start":{"line":28,"column":8},"end":{"line":28,"column":null}},"14":{"start":{"line":28,"column":39},"end":{"line":28,"column":null}},"15":{"start":{"line":30,"column":8},"end":{"line":30,"column":null}},"16":{"start":{"line":30,"column":52},"end":{"line":30,"column":null}},"17":{"start":{"line":32,"column":8},"end":{"line":32,"column":null}},"18":{"start":{"line":34,"column":18},"end":{"line":34,"column":null}},"19":{"start":{"line":36,"column":6},"end":{"line":36,"column":null}},"20":{"start":{"line":37,"column":6},"end":{"line":37,"column":null}},"21":{"start":{"line":39,"column":2},"end":{"line":44,"column":null}}},"fnMap":{"0":{"name":"(anonymous_0)","decl":{"start":{"line":6,"column":23},"end":{"line":6,"column":null}},"loc":{"start":{"line":6,"column":23},"end":{"line":45,"column":null}},"line":6},"1":{"name":"(anonymous_1)","decl":{"start":{"line":12,"column":25},"end":{"line":12,"column":32}},"loc":{"start":{"line":12,"column":32},"end":{"line":23,"column":null}},"line":12},"2":{"name":"(anonymous_2)","decl":{"start":{"line":25,"column":24},"end":{"line":25,"column":31}},"loc":{"start":{"line":25,"column":31},"end":{"line":38,"column":null}},"line":25}},"branchMap":{"0":{"loc":{"start":{"line":14,"column":6},"end":{"line":17,"column":null}},"type":"if","locations":[{"start":{"line":14,"column":6},"end":{"line":17,"column":null}},{"start":{},"end":{}}],"line":14},"1":{"loc":{"start":{"line":28,"column":8},"end":{"line":28,"column":null}},"type":"if","locations":[{"start":{"line":28,"column":8},"end":{"line":28,"column":null}},{"start":{},"end":{}}],"line":28},"2":{"loc":{"start":{"line":30,"column":8},"end":{"line":30,"column":null}},"type":"if","locations":[{"start":{"line":30,"column":8},"end":{"line":30,"column":null}},{"start":{},"end":{}}],"line":30}},"s":{"0":2,"1":10,"2":10,"3":10,"4":10,"5":3,"6":2,"7":2,"8":1,"9":1,"10":1,"11":10,"12":2,"13":2,"14":0,"15":2,"16":0,"17":2,"18":2,"19":2,"20":2,"21":10},"f":{"0":10,"1":3,"2":2},"b":{"0":[2,1],"1":[0,2],"2":[0,2]},"meta":{"lastBranch":3,"lastFunction":3,"lastStatement":22,"seen":{"s:6:23:45:Infinity":0,"f:6:23:6:Infinity":0,"s:8:45:8:Infinity":1,"s:9:37:9:Infinity":2,"s:10:10:10:Infinity":3,"s:12:25:23:Infinity":4,"f:12:25:12:32":1,"b:14:6:17:Infinity:undefined:undefined:undefined:undefined":0,"s:14:6:17:Infinity":5,"s:15:8:15:Infinity":6,"s:16:8:16:Infinity":7,"s:18:18:18:Infinity":8,"s:20:6:20:Infinity":9,"s:21:6:21:Infinity":10,"s:25:24:38:Infinity":11,"f:25:24:25:31":2,"s:26:36:26:Infinity":12,"b:28:8:28:Infinity:undefined:undefined:undefined:undefined":1,"s:28:8:28:Infinity":13,"s:28:39:28:Infinity":14,"b:30:8:30:Infinity:undefined:undefined:undefined:undefined":2,"s:30:8:30:Infinity":15,"s:30:52:30:Infinity":16,"s:32:8:32:Infinity":17,"s:34:18:34:Infinity":18,"s:36:6:36:Infinity":19,"s:37:6:37:Infinity":20,"s:39:2:44:Infinity":21}}}
,"C:\\Users\\jesus\\proyectos node react angular\\React-Cero-experto-2-Fernando-Herrera\\03-gifts-app\\src\\mock-data\\giphy.response.data.ts": {"path":"C:\\Users\\jesus\\proyectos node react angular\\React-Cero-experto-2-Fernando-Herrera\\03-gifts-app\\src\\mock-data\\giphy.response.data.ts","statementMap":{"0":{"start":{"line":1,"column":38},"end":{"line":5237,"column":null}}},"fnMap":{},"branchMap":{},"s":{"0":1},"f":{},"b":{},"meta":{"lastBranch":0,"lastFunction":0,"lastStatement":1,"seen":{"s:1:38:5237:Infinity":0}}}
,"C:\\Users\\jesus\\proyectos node react angular\\React-Cero-experto-2-Fernando-Herrera\\03-gifts-app\\src\\shared\\cpmponents\\CustomHeader.tsx": {"path":"C:\\Users\\jesus\\proyectos node react angular\\React-Cero-experto-2-Fernando-Herrera\\03-gifts-app\\src\\shared\\cpmponents\\CustomHeader.tsx","statementMap":{"0":{"start":{"line":6,"column":28},"end":{"line":15,"column":null}},"1":{"start":{"line":7,"column":2},"end":{"line":11,"column":null}}},"fnMap":{"0":{"name":"(anonymous_0)","decl":{"start":{"line":6,"column":28},"end":{"line":6,"column":29}},"loc":{"start":{"line":6,"column":54},"end":{"line":15,"column":null}},"line":6}},"branchMap":{"0":{"loc":{"start":{"line":11,"column":9},"end":{"line":11,"column":null}},"type":"binary-expr","locations":[{"start":{"line":11,"column":9},"end":{"line":11,"column":23}},{"start":{"line":11,"column":9},"end":{"line":11,"column":null}}],"line":11}},"s":{"0":2,"1":4},"f":{"0":4},"b":{"0":[4,3]},"meta":{"lastBranch":1,"lastFunction":1,"lastStatement":2,"seen":{"s:6:28:15:Infinity":0,"f:6:28:6:29":0,"s:7:2:11:Infinity":1,"b:11:9:11:23:11:9:11:Infinity":0}}}
,"C:\\Users\\jesus\\proyectos node react angular\\React-Cero-experto-2-Fernando-Herrera\\03-gifts-app\\src\\shared\\cpmponents\\GifList.tsx": {"path":"C:\\Users\\jesus\\proyectos node react angular\\React-Cero-experto-2-Fernando-Herrera\\03-gifts-app\\src\\shared\\cpmponents\\GifList.tsx","statementMap":{"0":{"start":{"line":7,"column":23},"end":{"line":19,"column":null}},"1":{"start":{"line":8,"column":2},"end":{"line":11,"column":null}},"2":{"start":{"line":10,"column":17},"end":{"line":11,"column":null}}},"fnMap":{"0":{"name":"(anonymous_0)","decl":{"start":{"line":7,"column":23},"end":{"line":7,"column":24}},"loc":{"start":{"line":7,"column":40},"end":{"line":19,"column":null}},"line":7},"1":{"name":"(anonymous_1)","decl":{"start":{"line":10,"column":16},"end":{"line":10,"column":17}},"loc":{"start":{"line":10,"column":17},"end":{"line":11,"column":null}},"line":10}},"branchMap":{},"s":{"0":1,"1":1,"2":0},"f":{"0":1,"1":0},"b":{},"meta":{"lastBranch":0,"lastFunction":2,"lastStatement":3,"seen":{"s:7:23:19:Infinity":0,"f:7:23:7:24":0,"s:8:2:11:Infinity":1,"f:10:16:10:17":1,"s:10:17:11:Infinity":2}}}
,"C:\\Users\\jesus\\proyectos node react angular\\React-Cero-experto-2-Fernando-Herrera\\03-gifts-app\\src\\shared\\cpmponents\\Searchbar.tsx": {"path":"C:\\Users\\jesus\\proyectos node react angular\\React-Cero-experto-2-Fernando-Herrera\\03-gifts-app\\src\\shared\\cpmponents\\Searchbar.tsx","statementMap":{"0":{"start":{"line":9,"column":25},"end":{"line":55,"column":null}},"1":{"start":{"line":11,"column":25},"end":{"line":11,"column":null}},"2":{"start":{"line":12,"column":2},"end":{"line":21,"column":null}},"3":{"start":{"line":13,"column":21},"end":{"line":16,"column":null}},"4":{"start":{"line":14,"column":6},"end":{"line":14,"column":null}},"5":{"start":{"line":15,"column":6},"end":{"line":15,"column":null}},"6":{"start":{"line":18,"column":4},"end":{"line":20,"column":null}},"7":{"start":{"line":19,"column":6},"end":{"line":19,"column":null}},"8":{"start":{"line":22,"column":23},"end":{"line":27,"column":null}},"9":{"start":{"line":24,"column":4},"end":{"line":24,"column":null}},"10":{"start":{"line":25,"column":4},"end":{"line":25,"column":null}},"11":{"start":{"line":29,"column":80},"end":{"line":36,"column":null}},"12":{"start":{"line":32,"column":10},"end":{"line":34,"column":null}},"13":{"start":{"line":33,"column":12},"end":{"line":33,"column":null}},"14":{"start":{"line":39,"column":2},"end":{"line":51,"column":null}},"15":{"start":{"line":48,"column":29},"end":{"line":48,"column":null}}},"fnMap":{"0":{"name":"(anonymous_0)","decl":{"start":{"line":9,"column":25},"end":{"line":9,"column":26}},"loc":{"start":{"line":9,"column":84},"end":{"line":55,"column":null}},"line":9},"1":{"name":"(anonymous_1)","decl":{"start":{"line":12,"column":12},"end":{"line":12,"column":null}},"loc":{"start":{"line":12,"column":12},"end":{"line":21,"column":4}},"line":12},"2":{"name":"(anonymous_2)","decl":{"start":{"line":13,"column":32},"end":{"line":13,"column":null}},"loc":{"start":{"line":13,"column":32},"end":{"line":16,"column":6}},"line":13},"3":{"name":"(anonymous_3)","decl":{"start":{"line":18,"column":11},"end":{"line":18,"column":null}},"loc":{"start":{"line":18,"column":11},"end":{"line":20,"column":null}},"line":18},"4":{"name":"(anonymous_4)","decl":{"start":{"line":22,"column":23},"end":{"line":22,"column":null}},"loc":{"start":{"line":22,"column":23},"end":{"line":27,"column":null}},"line":22},"5":{"name":"(anonymous_5)","decl":{"start":{"line":29,"column":80},"end":{"line":29,"column":81}},"loc":{"start":{"line":29,"column":81},"end":{"line":36,"column":null}},"line":29},"6":{"name":"(anonymous_6)","decl":{"start":{"line":48,"column":18},"end":{"line":48,"column":19}},"loc":{"start":{"line":48,"column":29},"end":{"line":48,"column":null}},"line":48}},"branchMap":{"0":{"loc":{"start":{"line":9,"column":39},"end":{"line":9,"column":64}},"type":"default-arg","locations":[{"start":{"line":9,"column":56},"end":{"line":9,"column":64}}],"line":9},"1":{"loc":{"start":{"line":32,"column":10},"end":{"line":34,"column":null}},"type":"if","locations":[{"start":{"line":32,"column":10},"end":{"line":34,"column":null}},{"start":{},"end":{}}],"line":32}},"s":{"0":2,"1":12,"2":12,"3":12,"4":2,"5":2,"6":12,"7":12,"8":12,"9":1,"10":1,"11":12,"12":0,"13":0,"14":12,"15":3},"f":{"0":12,"1":12,"2":2,"3":12,"4":1,"5":0,"6":3},"b":{"0":[12],"1":[0,0]},"meta":{"lastBranch":2,"lastFunction":7,"lastStatement":16,"seen":{"s:9:25:55:Infinity":0,"f:9:25:9:26":0,"b:9:56:9:64":0,"s:11:25:11:Infinity":1,"s:12:2:21:Infinity":2,"f:12:12:12:Infinity":1,"s:13:21:16:Infinity":3,"f:13:32:13:Infinity":2,"s:14:6:14:Infinity":4,"s:15:6:15:Infinity":5,"s:18:4:20:Infinity":6,"f:18:11:18:Infinity":3,"s:19:6:19:Infinity":7,"s:22:23:27:Infinity":8,"f:22:23:22:Infinity":4,"s:24:4:24:Infinity":9,"s:25:4:25:Infinity":10,"s:29:80:36:Infinity":11,"f:29:80:29:81":5,"b:32:10:34:Infinity:undefined:undefined:undefined:undefined":1,"s:32:10:34:Infinity":12,"s:33:12:33:Infinity":13,"s:39:2:51:Infinity":14,"f:48:18:48:19":6,"s:48:29:48:Infinity":15}}}
}
